<?xml version="1.0" encoding="UTF-8"?>
<!-- Generated by org.testng.reporters.JUnitReportReporter -->
<testsuite skipped="0" hostname="LAPTOP-PP7LTPN0" name="kdf.Application" tests="1" failures="0" timestamp="30 Apr 2019 14:46:30 GMT" time="96.535" errors="0">
  <testcase name="applicationLoginTest" time="96.535" classname="kdf.Application"/>
</testsuite> <!-- kdf.Application -->
