<?xml version="1.0" encoding="UTF-8"?>
<!-- Generated by org.testng.reporters.JUnitReportReporter -->
<testsuite skipped="0" hostname="LAPTOP-PP7LTPN0" name="com.demoaut.newtours.TestScripts.InvalidCredentailTest" tests="1" failures="0" timestamp="26 Apr 2019 14:45:29 GMT" time="46.682" errors="0">
  <testcase name="verifyInvalidUserNamePassword" time="46.682" classname="com.demoaut.newtours.TestScripts.InvalidCredentailTest"/>
</testsuite> <!-- com.demoaut.newtours.TestScripts.InvalidCredentailTest -->
